[INFO] 01:48:43:907 LOGGER_FILESYSTEM/(12722:12722): LOGGER CREADO CORRECTAMENTE!!!

[INFO] 01:48:43:908 LOGGER_FILESYSTEM/(12722:12722): IP_MEMORIA: 127.0.0.1
[INFO] 01:48:43:908 LOGGER_FILESYSTEM/(12722:12722): PUERTO_MEMORIA: 8002
[INFO] 01:53:31:792 LOGGER_FILESYSTEM/(12933:12933): LOGGER CREADO CORRECTAMENTE!!!

[INFO] 01:53:31:802 LOGGER_FILESYSTEM/(12933:12933): IP_MEMORIA: 127.0.0.1
[INFO] 01:53:31:802 LOGGER_FILESYSTEM/(12933:12933): PUERTO_MEMORIA: 8002
[INFO] 01:53:31:803 LOGGER_FILESYSTEM/(12933:12933): PUERTO_ESCUCHA: 8003
[INFO] 01:53:31:803 LOGGER_FILESYSTEM/(12933:12933): PATH_FAT: /home/utnso/fs/fat.dat
[INFO] 01:53:31:803 LOGGER_FILESYSTEM/(12933:12933): PATH_BLOQUES: /home/utnso/fs/bloques.dat
[INFO] 01:53:31:804 LOGGER_FILESYSTEM/(12933:12933): PATH_FCB: /home/utnso/fs/fcbs
[INFO] 01:53:31:804 LOGGER_FILESYSTEM/(12933:12933): CANT_BLOQUES_TOTAL: 1024
[INFO] 01:53:31:804 LOGGER_FILESYSTEM/(12933:12933): CANT_BLOQUES_SWAP: 64
[INFO] 01:53:31:805 LOGGER_FILESYSTEM/(12933:12933): TAM_BLOQUE: 1024
[INFO] 01:53:31:805 LOGGER_FILESYSTEM/(12933:12933): RETARDO_ACCESO_BLQOUE: 2500
[INFO] 01:53:31:806 LOGGER_FILESYSTEM/(12933:12933): RETARDO_ACCESO_FAT: 500

[INFO] 01:53:31:806 LOGGER_FILESYSTEM/(12933:12933): DATOS DEL CONFIG CARGADOS CORRECTAMENTE!!!

[INFO] 02:18:28:695 LOGGER_FILESYSTEM/(14331:14331): LOGGER CREADO CORRECTAMENTE!!!

[INFO] 02:18:28:706 LOGGER_FILESYSTEM/(14331:14331): IP_MEMORIA: 127.0.0.1
[INFO] 02:18:28:706 LOGGER_FILESYSTEM/(14331:14331): PUERTO_MEMORIA: 8002
[INFO] 02:18:28:707 LOGGER_FILESYSTEM/(14331:14331): PUERTO_ESCUCHA: 8003
[INFO] 02:18:28:707 LOGGER_FILESYSTEM/(14331:14331): PATH_FAT: /home/utnso/fs/fat.dat
[INFO] 02:18:28:707 LOGGER_FILESYSTEM/(14331:14331): PATH_BLOQUES: /home/utnso/fs/bloques.dat
[INFO] 02:18:28:708 LOGGER_FILESYSTEM/(14331:14331): PATH_FCB: /home/utnso/fs/fcbs
[INFO] 02:18:28:708 LOGGER_FILESYSTEM/(14331:14331): CANT_BLOQUES_TOTAL: 1024
[INFO] 02:18:28:708 LOGGER_FILESYSTEM/(14331:14331): CANT_BLOQUES_SWAP: 64
[INFO] 02:18:28:709 LOGGER_FILESYSTEM/(14331:14331): TAM_BLOQUE: 1024
[INFO] 02:18:28:709 LOGGER_FILESYSTEM/(14331:14331): RETARDO_ACCESO_BLQOUE: 2500
[INFO] 02:18:28:709 LOGGER_FILESYSTEM/(14331:14331): RETARDO_ACCESO_FAT: 500

[INFO] 02:18:28:710 LOGGER_FILESYSTEM/(14331:14331): DATOS DEL CONFIG CARGADOS CORRECTAMENTE!!!

[INFO] 19:14:52:760 LOGGER_FILESYSTEM/(8391:8391): LOGGER CREADO CORRECTAMENTE!!!

[INFO] 19:14:52:761 LOGGER_FILESYSTEM/(8391:8391): IP_MEMORIA: 127.0.0.1
[INFO] 19:14:52:761 LOGGER_FILESYSTEM/(8391:8391): PUERTO_MEMORIA: 8002
[INFO] 19:14:52:761 LOGGER_FILESYSTEM/(8391:8391): PUERTO_ESCUCHA: 8003
[INFO] 19:14:52:761 LOGGER_FILESYSTEM/(8391:8391): PATH_FAT: /home/utnso/fs/fat.dat
[INFO] 19:14:52:761 LOGGER_FILESYSTEM/(8391:8391): PATH_BLOQUES: /home/utnso/fs/bloques.dat
[INFO] 19:14:52:762 LOGGER_FILESYSTEM/(8391:8391): PATH_FCB: /home/utnso/fs/fcbs
[INFO] 19:14:52:762 LOGGER_FILESYSTEM/(8391:8391): CANT_BLOQUES_TOTAL: 1024
[INFO] 19:14:52:762 LOGGER_FILESYSTEM/(8391:8391): CANT_BLOQUES_SWAP: 64
[INFO] 19:14:52:762 LOGGER_FILESYSTEM/(8391:8391): TAM_BLOQUE: 1024
[INFO] 19:14:52:762 LOGGER_FILESYSTEM/(8391:8391): RETARDO_ACCESO_BLQOUE: 2500
[INFO] 19:14:52:762 LOGGER_FILESYSTEM/(8391:8391): RETARDO_ACCESO_FAT: 500

[INFO] 19:14:52:763 LOGGER_FILESYSTEM/(8391:8391): CONFIG BORRADO CORRECTAMENTE!!!

[INFO] 16:33:22:135 LOGGER_FILESYSTEM/(10423:10423): LOGGER CREADO CORRECTAMENTE!!!

[INFO] 16:33:36:886 LOGGER_FILESYSTEM/(10427:10427): LOGGER CREADO CORRECTAMENTE!!!

[INFO] 16:33:36:886 LOGGER_FILESYSTEM/(10427:10427): IP_MEMORIA: 127.0.0.1
[INFO] 16:33:36:887 LOGGER_FILESYSTEM/(10427:10427): PUERTO_MEMORIA: 8002
[INFO] 16:33:36:887 LOGGER_FILESYSTEM/(10427:10427): PUERTO_ESCUCHA: 8003
[INFO] 16:33:36:887 LOGGER_FILESYSTEM/(10427:10427): PATH_FAT: /home/utnso/fs/fat.dat
[INFO] 16:33:36:887 LOGGER_FILESYSTEM/(10427:10427): PATH_BLOQUES: /home/utnso/fs/bloques.dat
[INFO] 16:33:36:888 LOGGER_FILESYSTEM/(10427:10427): PATH_FCB: /home/utnso/fs/fcbs
[INFO] 16:33:36:888 LOGGER_FILESYSTEM/(10427:10427): CANT_BLOQUES_TOTAL: 1024
[INFO] 16:33:36:888 LOGGER_FILESYSTEM/(10427:10427): CANT_BLOQUES_SWAP: 64
[INFO] 16:33:36:888 LOGGER_FILESYSTEM/(10427:10427): TAM_BLOQUE: 1024
[INFO] 16:33:36:888 LOGGER_FILESYSTEM/(10427:10427): RETARDO_ACCESO_BLQOUE: 2500
[INFO] 16:33:36:888 LOGGER_FILESYSTEM/(10427:10427): RETARDO_ACCESO_FAT: 500

[INFO] 16:33:36:889 LOGGER_FILESYSTEM/(10427:10427): CONFIG BORRADO CORRECTAMENTE!!!

[INFO] 16:33:36:889 LOGGER_FILESYSTEM/(10427:10427): Escuchando en puerto: 127.0.0.1 (8002)

[INFO] 16:35:35:239 LOGGER_FILESYSTEM/(10509:10509): LOGGER CREADO CORRECTAMENTE!!!

[INFO] 16:35:49:144 LOGGER_FILESYSTEM/(10512:10512): LOGGER CREADO CORRECTAMENTE!!!

[INFO] 16:35:55:223 LOGGER_FILESYSTEM/(10515:10515): LOGGER CREADO CORRECTAMENTE!!!

[INFO] 16:35:55:225 LOGGER_FILESYSTEM/(10515:10515): IP_MEMORIA: 127.0.0.1
[INFO] 16:35:55:225 LOGGER_FILESYSTEM/(10515:10515): PUERTO_MEMORIA: 8002
[INFO] 16:35:55:225 LOGGER_FILESYSTEM/(10515:10515): PUERTO_ESCUCHA: 8003
[INFO] 16:35:55:226 LOGGER_FILESYSTEM/(10515:10515): PATH_FAT: /home/utnso/fs/fat.dat
[INFO] 16:35:55:226 LOGGER_FILESYSTEM/(10515:10515): PATH_BLOQUES: /home/utnso/fs/bloques.dat
[INFO] 16:35:55:227 LOGGER_FILESYSTEM/(10515:10515): PATH_FCB: /home/utnso/fs/fcbs
[INFO] 16:35:55:227 LOGGER_FILESYSTEM/(10515:10515): CANT_BLOQUES_TOTAL: 1024
[INFO] 16:35:55:227 LOGGER_FILESYSTEM/(10515:10515): CANT_BLOQUES_SWAP: 64
[INFO] 16:35:55:227 LOGGER_FILESYSTEM/(10515:10515): TAM_BLOQUE: 1024
[INFO] 16:35:55:227 LOGGER_FILESYSTEM/(10515:10515): RETARDO_ACCESO_BLQOUE: 2500
[INFO] 16:35:55:228 LOGGER_FILESYSTEM/(10515:10515): RETARDO_ACCESO_FAT: 500

[INFO] 16:35:55:228 LOGGER_FILESYSTEM/(10515:10515): CONFIG BORRADO CORRECTAMENTE!!!

[INFO] 16:35:55:228 LOGGER_FILESYSTEM/(10515:10515): Escuchando en puerto: 127.0.0.1 (8002)

[INFO] 16:36:40:704 LOGGER_FILESYSTEM/(10562:10562): LOGGER CREADO CORRECTAMENTE!!!

[INFO] 16:36:40:710 LOGGER_FILESYSTEM/(10562:10562): IP_MEMORIA: 127.0.0.1
[INFO] 16:36:40:711 LOGGER_FILESYSTEM/(10562:10562): PUERTO_MEMORIA: 8002
[INFO] 16:36:40:711 LOGGER_FILESYSTEM/(10562:10562): PUERTO_ESCUCHA: 8003
[INFO] 16:36:40:711 LOGGER_FILESYSTEM/(10562:10562): PATH_FAT: /home/utnso/fs/fat.dat
[INFO] 16:36:40:712 LOGGER_FILESYSTEM/(10562:10562): PATH_BLOQUES: /home/utnso/fs/bloques.dat
[INFO] 16:36:40:712 LOGGER_FILESYSTEM/(10562:10562): PATH_FCB: /home/utnso/fs/fcbs
[INFO] 16:36:40:712 LOGGER_FILESYSTEM/(10562:10562): CANT_BLOQUES_TOTAL: 1024
[INFO] 16:36:40:712 LOGGER_FILESYSTEM/(10562:10562): CANT_BLOQUES_SWAP: 64
[INFO] 16:36:40:712 LOGGER_FILESYSTEM/(10562:10562): TAM_BLOQUE: 1024
[INFO] 16:36:40:712 LOGGER_FILESYSTEM/(10562:10562): RETARDO_ACCESO_BLQOUE: 2500
[INFO] 16:36:40:713 LOGGER_FILESYSTEM/(10562:10562): RETARDO_ACCESO_FAT: 500

[INFO] 16:36:40:713 LOGGER_FILESYSTEM/(10562:10562): CONFIG BORRADO CORRECTAMENTE!!!

[INFO] 16:36:40:713 LOGGER_FILESYSTEM/(10562:10562): Escuchando en puerto: 127.0.0.1 (8003)

[INFO] 16:40:01:016 LOGGER_FILESYSTEM/(10998:10998): LOGGER CREADO CORRECTAMENTE!!!

[INFO] 16:40:01:018 LOGGER_FILESYSTEM/(10998:10998): IP_MEMORIA: 127.0.0.1
[INFO] 16:40:01:018 LOGGER_FILESYSTEM/(10998:10998): PUERTO_MEMORIA: 8002
[INFO] 16:40:01:018 LOGGER_FILESYSTEM/(10998:10998): PUERTO_ESCUCHA: 8003
[INFO] 16:40:01:018 LOGGER_FILESYSTEM/(10998:10998): PATH_FAT: /home/utnso/fs/fat.dat
[INFO] 16:40:01:018 LOGGER_FILESYSTEM/(10998:10998): PATH_BLOQUES: /home/utnso/fs/bloques.dat
[INFO] 16:40:01:019 LOGGER_FILESYSTEM/(10998:10998): PATH_FCB: /home/utnso/fs/fcbs
[INFO] 16:40:01:019 LOGGER_FILESYSTEM/(10998:10998): CANT_BLOQUES_TOTAL: 1024
[INFO] 16:40:01:019 LOGGER_FILESYSTEM/(10998:10998): CANT_BLOQUES_SWAP: 64
[INFO] 16:40:01:019 LOGGER_FILESYSTEM/(10998:10998): TAM_BLOQUE: 1024
[INFO] 16:40:01:019 LOGGER_FILESYSTEM/(10998:10998): RETARDO_ACCESO_BLQOUE: 2500
[INFO] 16:40:01:019 LOGGER_FILESYSTEM/(10998:10998): RETARDO_ACCESO_FAT: 500

[INFO] 16:40:01:020 LOGGER_FILESYSTEM/(10998:10998): CONFIG BORRADO CORRECTAMENTE!!!

[INFO] 16:40:01:020 LOGGER_FILESYSTEM/(10998:10998): Escuchando en puerto: 127.0.0.1 (8003)

[INFO] 16:40:16:972 LOGGER_FILESYSTEM/(10998:10998): Cliente conectado (a SERVER FILE SYSTEM)

[INFO] 16:51:41:751 LOGGER_FILESYSTEM/(11307:11307): LOGGER CREADO CORRECTAMENTE!!!

[INFO] 16:51:41:753 LOGGER_FILESYSTEM/(11307:11307): IP_MEMORIA: 127.0.0.1
[INFO] 16:51:41:753 LOGGER_FILESYSTEM/(11307:11307): PUERTO_MEMORIA: 8002
[INFO] 16:51:41:754 LOGGER_FILESYSTEM/(11307:11307): PUERTO_ESCUCHA: 8003
[INFO] 16:51:41:754 LOGGER_FILESYSTEM/(11307:11307): PATH_FAT: /home/utnso/fs/fat.dat
[INFO] 16:51:41:754 LOGGER_FILESYSTEM/(11307:11307): PATH_BLOQUES: /home/utnso/fs/bloques.dat
[INFO] 16:51:41:754 LOGGER_FILESYSTEM/(11307:11307): PATH_FCB: /home/utnso/fs/fcbs
[INFO] 16:51:41:754 LOGGER_FILESYSTEM/(11307:11307): CANT_BLOQUES_TOTAL: 1024
[INFO] 16:51:41:755 LOGGER_FILESYSTEM/(11307:11307): CANT_BLOQUES_SWAP: 64
[INFO] 16:51:41:755 LOGGER_FILESYSTEM/(11307:11307): TAM_BLOQUE: 1024
[INFO] 16:51:41:755 LOGGER_FILESYSTEM/(11307:11307): RETARDO_ACCESO_BLQOUE: 2500
[INFO] 16:51:41:755 LOGGER_FILESYSTEM/(11307:11307): RETARDO_ACCESO_FAT: 500

[INFO] 16:51:41:755 LOGGER_FILESYSTEM/(11307:11307): CONFIG BORRADO CORRECTAMENTE!!!

[INFO] 16:51:41:756 LOGGER_FILESYSTEM/(11307:11307): Escuchando en puerto: 127.0.0.1 (8003)

[INFO] 16:51:50:682 LOGGER_FILESYSTEM/(11307:11307): Cliente conectado (a SERVER FILE SYSTEM)

[INFO] 16:52:01:913 LOGGER_FILESYSTEM/(11307:11307): DISCONNECT!
[INFO] 16:58:25:385 LOGGER_FILESYSTEM/(11778:11778): LOGGER CREADO CORRECTAMENTE!!!

[INFO] 16:58:25:386 LOGGER_FILESYSTEM/(11778:11778): IP_MEMORIA: 127.0.0.1
[INFO] 16:58:25:386 LOGGER_FILESYSTEM/(11778:11778): PUERTO_MEMORIA: 8002
[INFO] 16:58:25:386 LOGGER_FILESYSTEM/(11778:11778): PUERTO_ESCUCHA: 8003
[INFO] 16:58:25:386 LOGGER_FILESYSTEM/(11778:11778): PATH_FAT: /home/utnso/fs/fat.dat
[INFO] 16:58:25:387 LOGGER_FILESYSTEM/(11778:11778): PATH_BLOQUES: /home/utnso/fs/bloques.dat
[INFO] 16:58:25:387 LOGGER_FILESYSTEM/(11778:11778): PATH_FCB: /home/utnso/fs/fcbs
[INFO] 16:58:25:387 LOGGER_FILESYSTEM/(11778:11778): CANT_BLOQUES_TOTAL: 1024
[INFO] 16:58:25:387 LOGGER_FILESYSTEM/(11778:11778): CANT_BLOQUES_SWAP: 64
[INFO] 16:58:25:387 LOGGER_FILESYSTEM/(11778:11778): TAM_BLOQUE: 1024
[INFO] 16:58:25:387 LOGGER_FILESYSTEM/(11778:11778): RETARDO_ACCESO_BLQOUE: 2500
[INFO] 16:58:25:388 LOGGER_FILESYSTEM/(11778:11778): RETARDO_ACCESO_FAT: 500

[INFO] 16:58:25:388 LOGGER_FILESYSTEM/(11778:11778): CONFIG BORRADO CORRECTAMENTE!!!

[ERROR] 16:58:25:388 LOGGER_FILESYSTEM/(11778:11778): Error al conectar (a SERVER MEMORIA)

[INFO] 16:58:25:388 LOGGER_FILESYSTEM/(11778:11778): Escuchando en puerto: 127.0.0.1 (8003)

[INFO] 16:58:35:275 LOGGER_FILESYSTEM/(11778:11778): Cliente conectado (a SERVER FILE SYSTEM)

[INFO] 17:00:05:661 LOGGER_FILESYSTEM/(11778:11778): DISCONNECT!
[INFO] 19:56:18:979 LOGGER_FILESYSTEM/(2661:2661): LOGGER CREADO CORRECTAMENTE!!!

[INFO] 19:56:18:986 LOGGER_FILESYSTEM/(2661:2661): IP_MEMORIA: 127.0.0.1
[INFO] 19:56:18:986 LOGGER_FILESYSTEM/(2661:2661): PUERTO_MEMORIA: 8002
[INFO] 19:56:18:986 LOGGER_FILESYSTEM/(2661:2661): PUERTO_ESCUCHA: 8003
[INFO] 19:56:18:987 LOGGER_FILESYSTEM/(2661:2661): PATH_FAT: /home/utnso/fs/fat.dat
[INFO] 19:56:18:987 LOGGER_FILESYSTEM/(2661:2661): PATH_BLOQUES: /home/utnso/fs/bloques.dat
[INFO] 19:56:18:990 LOGGER_FILESYSTEM/(2661:2661): PATH_FCB: /home/utnso/fs/fcbs
[INFO] 19:56:18:993 LOGGER_FILESYSTEM/(2661:2661): CANT_BLOQUES_TOTAL: 1024
[INFO] 19:56:18:993 LOGGER_FILESYSTEM/(2661:2661): CANT_BLOQUES_SWAP: 64
[INFO] 19:56:18:993 LOGGER_FILESYSTEM/(2661:2661): TAM_BLOQUE: 1024
[INFO] 19:56:18:994 LOGGER_FILESYSTEM/(2661:2661): RETARDO_ACCESO_BLQOUE: 2500
[INFO] 19:56:18:994 LOGGER_FILESYSTEM/(2661:2661): RETARDO_ACCESO_FAT: 500

[INFO] 19:56:18:995 LOGGER_FILESYSTEM/(2661:2661): CONFIG BORRADO CORRECTAMENTE!!!

[ERROR] 19:56:19:000 LOGGER_FILESYSTEM/(2661:2661): Error al conectar (a SERVER MEMORIA)

[INFO] 19:56:19:000 LOGGER_FILESYSTEM/(2661:2661): Escuchando en puerto: 127.0.0.1 (8003)

[INFO] 19:57:00:339 LOGGER_FILESYSTEM/(2661:2661): Cliente conectado (a SERVER FILE SYSTEM)

[INFO] 20:03:48:285 LOGGER_FILESYSTEM/(2661:2661): DISCONNECT!
[INFO] 20:04:49:027 LOGGER_FILESYSTEM/(5030:5030): LOGGER CREADO CORRECTAMENTE!!!

[INFO] 20:04:49:033 LOGGER_FILESYSTEM/(5030:5030): IP_MEMORIA: 127.0.0.1
[INFO] 20:04:49:033 LOGGER_FILESYSTEM/(5030:5030): PUERTO_MEMORIA: 8002
[INFO] 20:04:49:033 LOGGER_FILESYSTEM/(5030:5030): PUERTO_ESCUCHA: 8003
[INFO] 20:04:49:034 LOGGER_FILESYSTEM/(5030:5030): PATH_FAT: /home/utnso/fs/fat.dat
[INFO] 20:04:49:034 LOGGER_FILESYSTEM/(5030:5030): PATH_BLOQUES: /home/utnso/fs/bloques.dat
[INFO] 20:04:49:035 LOGGER_FILESYSTEM/(5030:5030): PATH_FCB: /home/utnso/fs/fcbs
[INFO] 20:04:49:037 LOGGER_FILESYSTEM/(5030:5030): CANT_BLOQUES_TOTAL: 1024
[INFO] 20:04:49:037 LOGGER_FILESYSTEM/(5030:5030): CANT_BLOQUES_SWAP: 64
[INFO] 20:04:49:048 LOGGER_FILESYSTEM/(5030:5030): TAM_BLOQUE: 1024
[INFO] 20:04:49:049 LOGGER_FILESYSTEM/(5030:5030): RETARDO_ACCESO_BLQOUE: 2500
[INFO] 20:04:49:049 LOGGER_FILESYSTEM/(5030:5030): RETARDO_ACCESO_FAT: 500

[INFO] 20:04:49:049 LOGGER_FILESYSTEM/(5030:5030): CONFIG BORRADO CORRECTAMENTE!!!

[INFO] 20:04:49:049 LOGGER_FILESYSTEM/(5030:5030): Cliente conectado en 127.0.0.1:8002 (a SERVER MEMORIA)

[INFO] 20:04:49:049 LOGGER_FILESYSTEM/(5030:5030): Escuchando en puerto: 127.0.0.1 (8003)

[INFO] 20:05:43:886 LOGGER_FILESYSTEM/(5367:5367): LOGGER CREADO CORRECTAMENTE!!!

[INFO] 20:05:43:894 LOGGER_FILESYSTEM/(5367:5367): IP_MEMORIA: 127.0.0.1
[INFO] 20:05:43:894 LOGGER_FILESYSTEM/(5367:5367): PUERTO_MEMORIA: 8002
[INFO] 20:05:43:894 LOGGER_FILESYSTEM/(5367:5367): PUERTO_ESCUCHA: 8003
[INFO] 20:05:43:894 LOGGER_FILESYSTEM/(5367:5367): PATH_FAT: /home/utnso/fs/fat.dat
[INFO] 20:05:43:894 LOGGER_FILESYSTEM/(5367:5367): PATH_BLOQUES: /home/utnso/fs/bloques.dat
[INFO] 20:05:43:894 LOGGER_FILESYSTEM/(5367:5367): PATH_FCB: /home/utnso/fs/fcbs
[INFO] 20:05:43:894 LOGGER_FILESYSTEM/(5367:5367): CANT_BLOQUES_TOTAL: 1024
[INFO] 20:05:43:895 LOGGER_FILESYSTEM/(5367:5367): CANT_BLOQUES_SWAP: 64
[INFO] 20:05:43:895 LOGGER_FILESYSTEM/(5367:5367): TAM_BLOQUE: 1024
[INFO] 20:05:43:895 LOGGER_FILESYSTEM/(5367:5367): RETARDO_ACCESO_BLQOUE: 2500
[INFO] 20:05:43:895 LOGGER_FILESYSTEM/(5367:5367): RETARDO_ACCESO_FAT: 500

[INFO] 20:05:43:895 LOGGER_FILESYSTEM/(5367:5367): CONFIG BORRADO CORRECTAMENTE!!!

[ERROR] 20:05:43:895 LOGGER_FILESYSTEM/(5367:5367): Error al conectar (a SERVER MEMORIA)

[INFO] 20:05:43:895 LOGGER_FILESYSTEM/(5367:5367): Escuchando en puerto: 127.0.0.1 (8003)

[INFO] 20:05:46:765 LOGGER_FILESYSTEM/(5367:5367): Cliente conectado (a SERVER FILE SYSTEM)

[INFO] 20:05:57:102 LOGGER_FILESYSTEM/(5367:5367): DISCONNECT!
[INFO] 20:06:32:336 LOGGER_FILESYSTEM/(5692:5692): LOGGER CREADO CORRECTAMENTE!!!

[INFO] 20:06:32:337 LOGGER_FILESYSTEM/(5692:5692): IP_MEMORIA: 127.0.0.1
[INFO] 20:06:32:337 LOGGER_FILESYSTEM/(5692:5692): PUERTO_MEMORIA: 8002
[INFO] 20:06:32:341 LOGGER_FILESYSTEM/(5692:5692): PUERTO_ESCUCHA: 8003
[INFO] 20:06:32:341 LOGGER_FILESYSTEM/(5692:5692): PATH_FAT: /home/utnso/fs/fat.dat
[INFO] 20:06:32:341 LOGGER_FILESYSTEM/(5692:5692): PATH_BLOQUES: /home/utnso/fs/bloques.dat
[INFO] 20:06:32:342 LOGGER_FILESYSTEM/(5692:5692): PATH_FCB: /home/utnso/fs/fcbs
[INFO] 20:06:32:342 LOGGER_FILESYSTEM/(5692:5692): CANT_BLOQUES_TOTAL: 1024
[INFO] 20:06:32:343 LOGGER_FILESYSTEM/(5692:5692): CANT_BLOQUES_SWAP: 64
[INFO] 20:06:32:343 LOGGER_FILESYSTEM/(5692:5692): TAM_BLOQUE: 1024
[INFO] 20:06:32:343 LOGGER_FILESYSTEM/(5692:5692): RETARDO_ACCESO_BLQOUE: 2500
[INFO] 20:06:32:344 LOGGER_FILESYSTEM/(5692:5692): RETARDO_ACCESO_FAT: 500

[INFO] 20:06:32:345 LOGGER_FILESYSTEM/(5692:5692): CONFIG BORRADO CORRECTAMENTE!!!

[INFO] 20:06:32:349 LOGGER_FILESYSTEM/(5692:5692): Escuchando en puerto: 127.0.0.1 (8003)

[INFO] 20:06:35:693 LOGGER_FILESYSTEM/(5692:5692): Cliente conectado (a SERVER FILE SYSTEM)

[INFO] 20:06:44:989 LOGGER_FILESYSTEM/(5692:5692): DISCONNECT!
[INFO] 20:07:32:127 LOGGER_FILESYSTEM/(6090:6090): LOGGER CREADO CORRECTAMENTE!!!

[INFO] 20:07:32:137 LOGGER_FILESYSTEM/(6090:6090): IP_MEMORIA: 127.0.0.1
[INFO] 20:07:32:137 LOGGER_FILESYSTEM/(6090:6090): PUERTO_MEMORIA: 8002
[INFO] 20:07:32:137 LOGGER_FILESYSTEM/(6090:6090): PUERTO_ESCUCHA: 8003
[INFO] 20:07:32:138 LOGGER_FILESYSTEM/(6090:6090): PATH_FAT: /home/utnso/fs/fat.dat
[INFO] 20:07:32:138 LOGGER_FILESYSTEM/(6090:6090): PATH_BLOQUES: /home/utnso/fs/bloques.dat
[INFO] 20:07:32:138 LOGGER_FILESYSTEM/(6090:6090): PATH_FCB: /home/utnso/fs/fcbs
[INFO] 20:07:32:139 LOGGER_FILESYSTEM/(6090:6090): CANT_BLOQUES_TOTAL: 1024
[INFO] 20:07:32:139 LOGGER_FILESYSTEM/(6090:6090): CANT_BLOQUES_SWAP: 64
[INFO] 20:07:32:140 LOGGER_FILESYSTEM/(6090:6090): TAM_BLOQUE: 1024
[INFO] 20:07:32:140 LOGGER_FILESYSTEM/(6090:6090): RETARDO_ACCESO_BLQOUE: 2500
[INFO] 20:07:32:141 LOGGER_FILESYSTEM/(6090:6090): RETARDO_ACCESO_FAT: 500

[INFO] 20:07:32:145 LOGGER_FILESYSTEM/(6090:6090): CONFIG BORRADO CORRECTAMENTE!!!

[INFO] 20:07:32:145 LOGGER_FILESYSTEM/(6090:6090): Escuchando en puerto: 127.0.0.1 (8003)

[INFO] 20:07:36:189 LOGGER_FILESYSTEM/(6090:6090): Cliente conectado (a SERVER FILE SYSTEM)

[INFO] 21:00:15:957 LOGGER_FILESYSTEM/(1882:1882): LOGGER CREADO CORRECTAMENTE!!!

[INFO] 21:00:15:959 LOGGER_FILESYSTEM/(1882:1882): IP_MEMORIA: 127.0.0.1
[INFO] 21:00:15:959 LOGGER_FILESYSTEM/(1882:1882): PUERTO_MEMORIA: 8002
[INFO] 21:00:15:960 LOGGER_FILESYSTEM/(1882:1882): PUERTO_ESCUCHA: 8003
[INFO] 21:00:15:960 LOGGER_FILESYSTEM/(1882:1882): PATH_FAT: /home/utnso/fs/fat.dat
[INFO] 21:00:15:960 LOGGER_FILESYSTEM/(1882:1882): PATH_BLOQUES: /home/utnso/fs/bloques.dat
[INFO] 21:00:15:961 LOGGER_FILESYSTEM/(1882:1882): PATH_FCB: /home/utnso/fs/fcbs
[INFO] 21:00:15:961 LOGGER_FILESYSTEM/(1882:1882): CANT_BLOQUES_TOTAL: 1024
[INFO] 21:00:15:961 LOGGER_FILESYSTEM/(1882:1882): CANT_BLOQUES_SWAP: 64
[INFO] 21:00:15:962 LOGGER_FILESYSTEM/(1882:1882): TAM_BLOQUE: 1024
[INFO] 21:00:15:962 LOGGER_FILESYSTEM/(1882:1882): RETARDO_ACCESO_BLQOUE: 2500
[INFO] 21:00:15:962 LOGGER_FILESYSTEM/(1882:1882): RETARDO_ACCESO_FAT: 500

[INFO] 21:00:15:963 LOGGER_FILESYSTEM/(1882:1882): CONFIG BORRADO CORRECTAMENTE!!!

[INFO] 21:00:15:963 LOGGER_FILESYSTEM/(1882:1882): Escuchando en puerto: 127.0.0.1 (8003)

[INFO] 21:00:26:034 LOGGER_FILESYSTEM/(1882:1882): Cliente conectado (a SERVER FILE SYSTEM)

[INFO] 21:12:50:132 LOGGER_FILESYSTEM/(1882:1882): DISCONNECT!
[INFO] 22:29:32:067 LOGGER_FILESYSTEM/(3175:3175): LOGGER CREADO CORRECTAMENTE!!!

[INFO] 22:29:32:072 LOGGER_FILESYSTEM/(3175:3175): IP_MEMORIA: 127.0.0.1
[INFO] 22:29:32:072 LOGGER_FILESYSTEM/(3175:3175): PUERTO_MEMORIA: 8002
[INFO] 22:29:32:072 LOGGER_FILESYSTEM/(3175:3175): PUERTO_ESCUCHA: 8003
[INFO] 22:29:32:073 LOGGER_FILESYSTEM/(3175:3175): PATH_FAT: /home/utnso/fs/fat.dat
[INFO] 22:29:32:073 LOGGER_FILESYSTEM/(3175:3175): PATH_BLOQUES: /home/utnso/fs/bloques.dat
[INFO] 22:29:32:073 LOGGER_FILESYSTEM/(3175:3175): PATH_FCB: /home/utnso/fs/fcbs
[INFO] 22:29:32:074 LOGGER_FILESYSTEM/(3175:3175): CANT_BLOQUES_TOTAL: 1024
[INFO] 22:29:32:074 LOGGER_FILESYSTEM/(3175:3175): CANT_BLOQUES_SWAP: 64
[INFO] 22:29:32:074 LOGGER_FILESYSTEM/(3175:3175): TAM_BLOQUE: 1024
[INFO] 22:29:32:075 LOGGER_FILESYSTEM/(3175:3175): RETARDO_ACCESO_BLQOUE: 2500
[INFO] 22:29:32:075 LOGGER_FILESYSTEM/(3175:3175): RETARDO_ACCESO_FAT: 500

[INFO] 22:29:32:076 LOGGER_FILESYSTEM/(3175:3175): CONFIG BORRADO CORRECTAMENTE!!!

[INFO] 22:29:32:076 LOGGER_FILESYSTEM/(3175:3175): Escuchando en puerto: 127.0.0.1 (8003)

[INFO] 22:29:59:388 LOGGER_FILESYSTEM/(3175:3175): Cliente conectado (a SERVER FILE SYSTEM)

[INFO] 22:30:44:317 LOGGER_FILESYSTEM/(3175:3175): DISCONNECT!
