[INFO] 02:16:45:744 LOGGER_MEMORIA/(14241:14241): LOGGER CREADO CORRECTAMENTE!!!

[INFO] 02:16:45:747 LOGGER_MEMORIA/(14241:14241): PUERTO_ESCUCHA: 8002
[INFO] 02:16:45:748 LOGGER_MEMORIA/(14241:14241): IP_FILESYSTEM: 127.0.0.1
[INFO] 02:16:45:749 LOGGER_MEMORIA/(14241:14241): PUERTO_FILESYSTEM: 8003
[INFO] 02:16:45:750 LOGGER_MEMORIA/(14241:14241): TAM_MEMORIA: 4096
[INFO] 02:16:45:750 LOGGER_MEMORIA/(14241:14241): TAM_PAGINA: 16
[INFO] 02:16:45:750 LOGGER_MEMORIA/(14241:14241): PATH_INSTRUCCIONES: /home/utnso/mappa-pruebas
[INFO] 02:16:45:750 LOGGER_MEMORIA/(14241:14241): RETARDO_RESPUESTA: 1000
[INFO] 02:16:45:750 LOGGER_MEMORIA/(14241:14241): ALGORITMO_REEMPLAZO: FIFO

[INFO] 02:16:45:751 LOGGER_MEMORIA/(14241:14241): DATOS DEL CONFIG CARGADOS CORRECTAMENTE!!!

[INFO] 19:30:14:505 LOGGER_MEMORIA/(9034:9034): LOGGER CREADO CORRECTAMENTE!!!

[INFO] 19:30:14:505 LOGGER_MEMORIA/(9034:9034): PUERTO_ESCUCHA: 8002
[INFO] 19:30:14:505 LOGGER_MEMORIA/(9034:9034): IP_FILESYSTEM: 127.0.0.1
[INFO] 19:30:14:505 LOGGER_MEMORIA/(9034:9034): PUERTO_FILESYSTEM: 8003
[INFO] 19:30:14:505 LOGGER_MEMORIA/(9034:9034): TAM_MEMORIA: 4096
[INFO] 19:30:14:505 LOGGER_MEMORIA/(9034:9034): TAM_PAGINA: 16
[INFO] 19:30:14:505 LOGGER_MEMORIA/(9034:9034): PATH_INSTRUCCIONES: /home/utnso/mappa-pruebas
[INFO] 19:31:07:753 LOGGER_MEMORIA/(9091:9091): LOGGER CREADO CORRECTAMENTE!!!

[INFO] 19:31:07:753 LOGGER_MEMORIA/(9091:9091): PUERTO_ESCUCHA: 8002
[INFO] 19:31:07:753 LOGGER_MEMORIA/(9091:9091): IP_FILESYSTEM: 127.0.0.1
[INFO] 19:31:07:753 LOGGER_MEMORIA/(9091:9091): PUERTO_FILESYSTEM: 8003
[INFO] 19:31:07:753 LOGGER_MEMORIA/(9091:9091): TAM_MEMORIA: 4096
[INFO] 19:31:07:753 LOGGER_MEMORIA/(9091:9091): TAM_PAGINA: 16
[INFO] 19:31:07:754 LOGGER_MEMORIA/(9091:9091): PATH_INSTRUCCIONES: /home/utnso/mappa-pruebas
[INFO] 19:31:07:754 LOGGER_MEMORIA/(9091:9091): RETARDO_RESPUESTA: 1000
[INFO] 19:31:07:754 LOGGER_MEMORIA/(9091:9091): ALGORITMO_REEMPLAZO: FIFO

[INFO] 19:31:07:754 LOGGER_MEMORIA/(9091:9091): CONFIG BORRADO CORRECTAMENTE!!!

[INFO] 16:02:26:086 LOGGER_MEMORIA/(9294:9294): LOGGER CREADO CORRECTAMENTE!!!

[INFO] 16:02:26:087 LOGGER_MEMORIA/(9294:9294): PUERTO_ESCUCHA: 8002
[INFO] 16:02:26:087 LOGGER_MEMORIA/(9294:9294): IP_FILESYSTEM: 127.0.0.1
[INFO] 16:02:26:087 LOGGER_MEMORIA/(9294:9294): PUERTO_FILESYSTEM: 8003
[INFO] 16:02:26:087 LOGGER_MEMORIA/(9294:9294): TAM_MEMORIA: 4096
[INFO] 16:02:26:087 LOGGER_MEMORIA/(9294:9294): TAM_PAGINA: 16
[INFO] 16:02:26:087 LOGGER_MEMORIA/(9294:9294): PATH_INSTRUCCIONES: /home/utnso/mappa-pruebas
[INFO] 16:02:26:087 LOGGER_MEMORIA/(9294:9294): RETARDO_RESPUESTA: 1000
[INFO] 16:02:26:087 LOGGER_MEMORIA/(9294:9294): ALGORITMO_REEMPLAZO: FIFO

[INFO] 16:02:26:087 LOGGER_MEMORIA/(9294:9294): CONFIG BORRADO CORRECTAMENTE!!!

[INFO] 16:02:26:087 LOGGER_MEMORIA/(9294:9294): Escuchando en puerto: 127.0.0.1 (8002)

[INFO] 16:07:00:022 LOGGER_MEMORIA/(9532:9532): LOGGER CREADO CORRECTAMENTE!!!

[INFO] 16:07:00:023 LOGGER_MEMORIA/(9532:9532): PUERTO_ESCUCHA: 8002
[INFO] 16:07:00:023 LOGGER_MEMORIA/(9532:9532): IP_FILESYSTEM: 127.0.0.1
[INFO] 16:07:00:023 LOGGER_MEMORIA/(9532:9532): PUERTO_FILESYSTEM: 8003
[INFO] 16:07:00:024 LOGGER_MEMORIA/(9532:9532): TAM_MEMORIA: 4096
[INFO] 16:07:00:024 LOGGER_MEMORIA/(9532:9532): TAM_PAGINA: 16
[INFO] 16:07:00:024 LOGGER_MEMORIA/(9532:9532): PATH_INSTRUCCIONES: /home/utnso/mappa-pruebas
[INFO] 16:07:00:024 LOGGER_MEMORIA/(9532:9532): RETARDO_RESPUESTA: 1000
[INFO] 16:07:00:025 LOGGER_MEMORIA/(9532:9532): ALGORITMO_REEMPLAZO: FIFO

[INFO] 16:07:00:025 LOGGER_MEMORIA/(9532:9532): CONFIG BORRADO CORRECTAMENTE!!!

[INFO] 16:07:00:025 LOGGER_MEMORIA/(9532:9532): Escuchando en puerto: 127.0.0.1 (8002)

[INFO] 16:07:10:444 LOGGER_MEMORIA/(9532:9532): Cliente conectado (a SERVER MEMORIA)

[INFO] 16:09:32:538 LOGGER_MEMORIA/(9532:9532): DISCONNECT!
[INFO] 16:33:56:488 LOGGER_MEMORIA/(10429:10429): LOGGER CREADO CORRECTAMENTE!!!

[INFO] 16:33:56:490 LOGGER_MEMORIA/(10429:10429): PUERTO_ESCUCHA: 8002
[INFO] 16:33:56:490 LOGGER_MEMORIA/(10429:10429): IP_FILESYSTEM: 127.0.0.1
[INFO] 16:33:56:490 LOGGER_MEMORIA/(10429:10429): PUERTO_FILESYSTEM: 8003
[INFO] 16:33:56:490 LOGGER_MEMORIA/(10429:10429): TAM_MEMORIA: 4096
[INFO] 16:33:56:490 LOGGER_MEMORIA/(10429:10429): TAM_PAGINA: 16
[INFO] 16:33:56:490 LOGGER_MEMORIA/(10429:10429): PATH_INSTRUCCIONES: /home/utnso/mappa-pruebas
[INFO] 16:33:56:490 LOGGER_MEMORIA/(10429:10429): RETARDO_RESPUESTA: 1000
[INFO] 16:33:56:491 LOGGER_MEMORIA/(10429:10429): ALGORITMO_REEMPLAZO: FIFO

[INFO] 16:33:56:491 LOGGER_MEMORIA/(10429:10429): CONFIG BORRADO CORRECTAMENTE!!!

[INFO] 16:33:56:491 LOGGER_MEMORIA/(10429:10429): Escuchando en puerto: 127.0.0.1 (8002)

[INFO] 16:34:26:502 LOGGER_MEMORIA/(10465:10465): LOGGER CREADO CORRECTAMENTE!!!

[INFO] 16:34:26:502 LOGGER_MEMORIA/(10465:10465): PUERTO_ESCUCHA: 8002
[INFO] 16:34:26:502 LOGGER_MEMORIA/(10465:10465): IP_FILESYSTEM: 127.0.0.1
[INFO] 16:34:26:502 LOGGER_MEMORIA/(10465:10465): PUERTO_FILESYSTEM: 8003
[INFO] 16:34:26:503 LOGGER_MEMORIA/(10465:10465): TAM_MEMORIA: 4096
[INFO] 16:34:26:503 LOGGER_MEMORIA/(10465:10465): TAM_PAGINA: 16
[INFO] 16:34:26:503 LOGGER_MEMORIA/(10465:10465): PATH_INSTRUCCIONES: /home/utnso/mappa-pruebas
[INFO] 16:34:26:503 LOGGER_MEMORIA/(10465:10465): RETARDO_RESPUESTA: 1000
[INFO] 16:34:26:503 LOGGER_MEMORIA/(10465:10465): ALGORITMO_REEMPLAZO: FIFO

[INFO] 16:34:26:503 LOGGER_MEMORIA/(10465:10465): CONFIG BORRADO CORRECTAMENTE!!!

[INFO] 16:34:26:504 LOGGER_MEMORIA/(10465:10465): Escuchando en puerto: 127.0.0.1 (8002)

[INFO] 16:35:27:032 LOGGER_MEMORIA/(10507:10507): LOGGER CREADO CORRECTAMENTE!!!

[INFO] 16:35:27:032 LOGGER_MEMORIA/(10507:10507): PUERTO_ESCUCHA: 8002
[INFO] 16:35:27:032 LOGGER_MEMORIA/(10507:10507): IP_FILESYSTEM: 127.0.0.1
[INFO] 16:35:27:032 LOGGER_MEMORIA/(10507:10507): PUERTO_FILESYSTEM: 8003
[INFO] 16:35:27:032 LOGGER_MEMORIA/(10507:10507): TAM_MEMORIA: 4096
[INFO] 16:35:27:033 LOGGER_MEMORIA/(10507:10507): TAM_PAGINA: 16
[INFO] 16:35:27:033 LOGGER_MEMORIA/(10507:10507): PATH_INSTRUCCIONES: /home/utnso/mappa-pruebas
[INFO] 16:35:27:033 LOGGER_MEMORIA/(10507:10507): RETARDO_RESPUESTA: 1000
[INFO] 16:35:27:033 LOGGER_MEMORIA/(10507:10507): ALGORITMO_REEMPLAZO: FIFO

[INFO] 16:35:27:033 LOGGER_MEMORIA/(10507:10507): CONFIG BORRADO CORRECTAMENTE!!!

[INFO] 16:35:27:034 LOGGER_MEMORIA/(10507:10507): Escuchando en puerto: 127.0.0.1 (8002)

[INFO] 16:36:54:190 LOGGER_MEMORIA/(10507:10507): Cliente conectado (a SERVER MEMORIA)

[INFO] 16:39:44:504 LOGGER_MEMORIA/(10928:10928): LOGGER CREADO CORRECTAMENTE!!!

[INFO] 16:39:44:506 LOGGER_MEMORIA/(10928:10928): PUERTO_ESCUCHA: 8002
[INFO] 16:39:44:507 LOGGER_MEMORIA/(10928:10928): IP_FILESYSTEM: 127.0.0.1
[INFO] 16:39:44:507 LOGGER_MEMORIA/(10928:10928): PUERTO_FILESYSTEM: 8003
[INFO] 16:39:44:507 LOGGER_MEMORIA/(10928:10928): TAM_MEMORIA: 4096
[INFO] 16:39:44:507 LOGGER_MEMORIA/(10928:10928): TAM_PAGINA: 16
[INFO] 16:39:44:507 LOGGER_MEMORIA/(10928:10928): PATH_INSTRUCCIONES: /home/utnso/mappa-pruebas
[INFO] 16:39:44:507 LOGGER_MEMORIA/(10928:10928): RETARDO_RESPUESTA: 1000
[INFO] 16:39:44:507 LOGGER_MEMORIA/(10928:10928): ALGORITMO_REEMPLAZO: FIFO

[INFO] 16:39:44:507 LOGGER_MEMORIA/(10928:10928): CONFIG BORRADO CORRECTAMENTE!!!

[INFO] 16:39:44:508 LOGGER_MEMORIA/(10928:10928): Escuchando en puerto: 127.0.0.1 (8002)

[INFO] 16:40:16:972 LOGGER_MEMORIA/(10928:10928): Cliente conectado (a SERVER MEMORIA)

[INFO] 16:51:25:943 LOGGER_MEMORIA/(11203:11203): LOGGER CREADO CORRECTAMENTE!!!

[INFO] 16:51:25:944 LOGGER_MEMORIA/(11203:11203): PUERTO_ESCUCHA: 8002
[INFO] 16:51:25:944 LOGGER_MEMORIA/(11203:11203): IP_FILESYSTEM: 127.0.0.1
[INFO] 16:51:25:945 LOGGER_MEMORIA/(11203:11203): PUERTO_FILESYSTEM: 8003
[INFO] 16:51:25:945 LOGGER_MEMORIA/(11203:11203): TAM_MEMORIA: 4096
[INFO] 16:51:25:945 LOGGER_MEMORIA/(11203:11203): TAM_PAGINA: 16
[INFO] 16:51:25:945 LOGGER_MEMORIA/(11203:11203): PATH_INSTRUCCIONES: /home/utnso/mappa-pruebas
[INFO] 16:51:25:945 LOGGER_MEMORIA/(11203:11203): RETARDO_RESPUESTA: 1000
[INFO] 16:51:25:945 LOGGER_MEMORIA/(11203:11203): ALGORITMO_REEMPLAZO: FIFO

[INFO] 16:51:25:945 LOGGER_MEMORIA/(11203:11203): CONFIG BORRADO CORRECTAMENTE!!!

[INFO] 16:51:25:945 LOGGER_MEMORIA/(11203:11203): Escuchando en puerto: 127.0.0.1 (8002)

[INFO] 16:51:50:681 LOGGER_MEMORIA/(11203:11203): Cliente conectado (a SERVER MEMORIA)

[INFO] 16:52:01:913 LOGGER_MEMORIA/(11203:11203): DISCONNECT!
[INFO] 16:58:35:272 LOGGER_MEMORIA/(11779:11779): LOGGER CREADO CORRECTAMENTE!!!

[INFO] 16:58:35:272 LOGGER_MEMORIA/(11779:11779): PUERTO_ESCUCHA: 8002
[INFO] 16:58:35:272 LOGGER_MEMORIA/(11779:11779): IP_FILESYSTEM: 127.0.0.1
[INFO] 16:58:35:273 LOGGER_MEMORIA/(11779:11779): PUERTO_FILESYSTEM: 8003
[INFO] 16:58:35:273 LOGGER_MEMORIA/(11779:11779): TAM_MEMORIA: 4096
[INFO] 16:58:35:273 LOGGER_MEMORIA/(11779:11779): TAM_PAGINA: 16
[INFO] 16:58:35:274 LOGGER_MEMORIA/(11779:11779): PATH_INSTRUCCIONES: /home/utnso/mappa-pruebas
[INFO] 16:58:35:274 LOGGER_MEMORIA/(11779:11779): RETARDO_RESPUESTA: 1000
[INFO] 16:58:35:274 LOGGER_MEMORIA/(11779:11779): ALGORITMO_REEMPLAZO: FIFO

[INFO] 16:58:35:274 LOGGER_MEMORIA/(11779:11779): CONFIG BORRADO CORRECTAMENTE!!!

[INFO] 16:58:35:275 LOGGER_MEMORIA/(11779:11779): Cliente conectado en 127.0.0.1:8003 (a SERVER FILESYSTEM)

[INFO] 16:58:35:275 LOGGER_MEMORIA/(11779:11779): Escuchando en puerto: 127.0.0.1 (8002)

[INFO] 16:58:49:625 LOGGER_MEMORIA/(11779:11779): Cliente conectado (a SERVER MEMORIA)

[INFO] 17:00:05:659 LOGGER_MEMORIA/(11779:11779): DISCONNECT!
