[INFO] 01:23:14:607 LOGGER_KERNEL/(11665:11665): LOGGER CREADO CORRECTAMENTE!!!

[INFO] 01:23:14:608 LOGGER_KERNEL/(11665:11665): IP_MEMORIA: 127.0.0.1
[INFO] 01:23:14:609 LOGGER_KERNEL/(11665:11665): PUERTO_MEMORIA: 8002
[INFO] 01:23:14:609 LOGGER_KERNEL/(11665:11665): PUERTO_ESCUCHA_DISPATCH: 8006
[INFO] 01:23:14:609 LOGGER_KERNEL/(11665:11665): PUERTO_ESCUCHA_INTERRUPT: 8007
[INFO] 01:23:14:610 LOGGER_KERNEL/(11665:11665): DATOS DEL CONFIG CARGADOS CORRECTAMENTE!!!

[INFO] 01:47:25:352 LOGGER_CPU/(12595:12595): LOGGER CREADO CORRECTAMENTE!!!

[INFO] 01:47:25:362 LOGGER_CPU/(12595:12595): IP_MEMORIA: 127.0.0.1
[INFO] 01:47:25:362 LOGGER_CPU/(12595:12595): PUERTO_MEMORIA: 8002
[INFO] 01:47:25:363 LOGGER_CPU/(12595:12595): PUERTO_ESCUCHA_DISPATCH: 8006
[INFO] 01:47:25:363 LOGGER_CPU/(12595:12595): PUERTO_ESCUCHA_INTERRUPT: 8007

[INFO] 01:47:25:363 LOGGER_CPU/(12595:12595): DATOS DEL CONFIG CARGADOS CORRECTAMENTE!!!

[INFO] 02:15:19:885 LOGGER_CPU/(14151:14151): LOGGER CREADO CORRECTAMENTE!!!

[INFO] 02:15:19:894 LOGGER_CPU/(14151:14151): IP_MEMORIA: 127.0.0.1
[INFO] 02:15:19:894 LOGGER_CPU/(14151:14151): PUERTO_MEMORIA: 8002
[INFO] 02:15:19:894 LOGGER_CPU/(14151:14151): PUERTO_ESCUCHA_DISPATCH: 8006
[INFO] 02:15:19:894 LOGGER_CPU/(14151:14151): PUERTO_ESCUCHA_INTERRUPT: 8007

[INFO] 02:15:19:894 LOGGER_CPU/(14151:14151): DATOS DEL CONFIG CARGADOS CORRECTAMENTE!!!

[INFO] 19:23:31:689 LOGGER_CPU/(8793:8793): LOGGER CREADO CORRECTAMENTE!!!

[INFO] 19:23:38:236 LOGGER_CPU/(8795:8795): LOGGER CREADO CORRECTAMENTE!!!

[INFO] 19:23:38:236 LOGGER_CPU/(8795:8795): IP_MEMORIA: 127.0.0.1
[INFO] 19:23:38:237 LOGGER_CPU/(8795:8795): PUERTO_MEMORIA: 8002
[INFO] 19:23:38:237 LOGGER_CPU/(8795:8795): PUERTO_ESCUCHA_DISPATCH: 8006
[INFO] 19:23:38:237 LOGGER_CPU/(8795:8795): PUERTO_ESCUCHA_INTERRUPT: 8007

[INFO] 19:23:38:237 LOGGER_CPU/(8795:8795): CONFIG BORRADO CORRECTAMENTE!!!

[INFO] 14:34:07:828 LOGGER_CPU/(6932:6932): LOGGER CREADO CORRECTAMENTE!!!

[INFO] 14:34:07:829 LOGGER_CPU/(6932:6932): IP_MEMORIA: 127.0.0.1
[INFO] 14:34:07:829 LOGGER_CPU/(6932:6932): PUERTO_MEMORIA: 8002
[INFO] 14:34:07:829 LOGGER_CPU/(6932:6932): PUERTO_ESCUCHA_DISPATCH: 8006
[INFO] 14:34:07:830 LOGGER_CPU/(6932:6932): PUERTO_ESCUCHA_INTERRUPT: 8007

[INFO] 14:34:07:830 LOGGER_CPU/(6932:6932): CONFIG BORRADO CORRECTAMENTE!!!

[INFO] 14:38:39:686 LOGGER_CPU/(7126:7126): LOGGER CREADO CORRECTAMENTE!!!

[INFO] 14:38:39:687 LOGGER_CPU/(7126:7126): IP_MEMORIA: 127.0.0.1
[INFO] 14:38:39:687 LOGGER_CPU/(7126:7126): PUERTO_MEMORIA: 8002
[INFO] 14:38:39:687 LOGGER_CPU/(7126:7126): PUERTO_ESCUCHA_DISPATCH: 8006
[INFO] 14:38:39:687 LOGGER_CPU/(7126:7126): PUERTO_ESCUCHA_INTERRUPT: 8007

[INFO] 14:38:39:688 LOGGER_CPU/(7126:7126): CONFIG BORRADO CORRECTAMENTE!!!

[INFO] 14:38:39:688 LOGGER_CPU/(7126:7126): Escuchando en puerto: 127.0.0.1 (8001)

[INFO] 15:18:28:934 LOGGER_CPU/(8185:8185): LOGGER CREADO CORRECTAMENTE!!!

[INFO] 15:18:28:935 LOGGER_CPU/(8185:8185): IP_MEMORIA: 127.0.0.1
[INFO] 15:18:28:935 LOGGER_CPU/(8185:8185): PUERTO_MEMORIA: 8002
[INFO] 15:18:28:935 LOGGER_CPU/(8185:8185): PUERTO_ESCUCHA_DISPATCH: 8006
[INFO] 15:18:28:935 LOGGER_CPU/(8185:8185): PUERTO_ESCUCHA_INTERRUPT: 8007

[INFO] 15:18:28:935 LOGGER_CPU/(8185:8185): CONFIG BORRADO CORRECTAMENTE!!!

[INFO] 15:18:28:935 LOGGER_CPU/(8185:8185): Escuchando en puerto: 127.0.0.1 (8001)

[INFO] 15:24:19:623 LOGGER_CPU/(8185:8185): Cliente conectado (a SERVER_CPU)

[INFO] 15:24:19:623 LOGGER_CPU/(8185:8185): DISCONNECT!
[INFO] 15:41:42:183 LOGGER_CPU/(8959:8959): LOGGER CREADO CORRECTAMENTE!!!

[INFO] 15:41:42:184 LOGGER_CPU/(8959:8959): IP_MEMORIA: 127.0.0.1
[INFO] 15:41:42:184 LOGGER_CPU/(8959:8959): PUERTO_MEMORIA: 8002
[INFO] 15:41:42:184 LOGGER_CPU/(8959:8959): PUERTO_ESCUCHA_DISPATCH: 8006
[INFO] 15:41:42:184 LOGGER_CPU/(8959:8959): PUERTO_ESCUCHA_INTERRUPT: 8007

[INFO] 15:41:42:184 LOGGER_CPU/(8959:8959): CONFIG BORRADO CORRECTAMENTE!!!

[INFO] 15:41:42:184 LOGGER_CPU/(8959:8959): Escuchando en puerto: 127.0.0.1 (8001)

[INFO] 15:41:47:161 LOGGER_CPU/(8959:8959): Cliente conectado (a SERVER_CPU)

[INFO] 15:42:14:200 LOGGER_CPU/(8959:8959): DISCONNECT!
[INFO] 16:02:42:792 LOGGER_CPU/(9331:9331): LOGGER CREADO CORRECTAMENTE!!!

[INFO] 16:02:42:792 LOGGER_CPU/(9331:9331): IP_MEMORIA: 127.0.0.1
[INFO] 16:02:42:792 LOGGER_CPU/(9331:9331): PUERTO_MEMORIA: 8002
[INFO] 16:02:42:793 LOGGER_CPU/(9331:9331): PUERTO_ESCUCHA_DISPATCH: 8006
[INFO] 16:02:42:793 LOGGER_CPU/(9331:9331): PUERTO_ESCUCHA_INTERRUPT: 8007

[INFO] 16:02:42:793 LOGGER_CPU/(9331:9331): CONFIG BORRADO CORRECTAMENTE!!!

[INFO] 16:02:42:793 LOGGER_CPU/(9331:9331): Escuchando en puerto: 127.0.0.1 (8001)

[INFO] 16:03:02:315 LOGGER_CPU/(9331:9331): Cliente conectado (a SERVER_CPU)

[INFO] 16:03:26:293 LOGGER_CPU/(9331:9331): DISCONNECT!
[INFO] 16:07:05:030 LOGGER_CPU/(9533:9533): LOGGER CREADO CORRECTAMENTE!!!

[INFO] 16:07:05:032 LOGGER_CPU/(9533:9533): IP_MEMORIA: 127.0.0.1
[INFO] 16:07:05:032 LOGGER_CPU/(9533:9533): PUERTO_MEMORIA: 8002
[INFO] 16:07:05:032 LOGGER_CPU/(9533:9533): PUERTO_ESCUCHA_DISPATCH: 8006
[INFO] 16:07:05:033 LOGGER_CPU/(9533:9533): PUERTO_ESCUCHA_INTERRUPT: 8007

[INFO] 16:07:05:033 LOGGER_CPU/(9533:9533): CONFIG BORRADO CORRECTAMENTE!!!

[INFO] 16:07:05:033 LOGGER_CPU/(9533:9533): Escuchando en puerto: 127.0.0.1 (8001)

[INFO] 16:07:10:443 LOGGER_CPU/(9533:9533): Cliente conectado (a SERVER_CPU)

[INFO] 16:09:32:542 LOGGER_CPU/(9533:9533): DISCONNECT!
[INFO] 16:33:47:849 LOGGER_CPU/(10428:10428): LOGGER CREADO CORRECTAMENTE!!!

[INFO] 16:33:47:850 LOGGER_CPU/(10428:10428): IP_MEMORIA: 127.0.0.1
[INFO] 16:33:47:851 LOGGER_CPU/(10428:10428): PUERTO_MEMORIA: 8002
[INFO] 16:33:47:851 LOGGER_CPU/(10428:10428): PUERTO_ESCUCHA_DISPATCH: 8006
[INFO] 16:33:47:851 LOGGER_CPU/(10428:10428): PUERTO_ESCUCHA_INTERRUPT: 8007

[INFO] 16:33:47:851 LOGGER_CPU/(10428:10428): CONFIG BORRADO CORRECTAMENTE!!!

[INFO] 16:33:47:851 LOGGER_CPU/(10428:10428): Escuchando en puerto: 127.0.0.1 (8001)

[INFO] 16:36:17:799 LOGGER_CPU/(10517:10517): LOGGER CREADO CORRECTAMENTE!!!

[INFO] 16:36:17:800 LOGGER_CPU/(10517:10517): IP_MEMORIA: 127.0.0.1
[INFO] 16:36:17:800 LOGGER_CPU/(10517:10517): PUERTO_MEMORIA: 8002
[INFO] 16:36:17:800 LOGGER_CPU/(10517:10517): PUERTO_ESCUCHA_DISPATCH: 8006
[INFO] 16:36:17:800 LOGGER_CPU/(10517:10517): PUERTO_ESCUCHA_INTERRUPT: 8007

[INFO] 16:36:17:800 LOGGER_CPU/(10517:10517): CONFIG BORRADO CORRECTAMENTE!!!

[INFO] 16:36:17:800 LOGGER_CPU/(10517:10517): Escuchando en puerto: 127.0.0.1 (8001)

[INFO] 16:36:54:189 LOGGER_CPU/(10517:10517): Cliente conectado (a SERVER_CPU)

[INFO] 16:39:52:104 LOGGER_CPU/(10963:10963): LOGGER CREADO CORRECTAMENTE!!!

[INFO] 16:39:52:106 LOGGER_CPU/(10963:10963): IP_MEMORIA: 127.0.0.1
[INFO] 16:39:52:106 LOGGER_CPU/(10963:10963): PUERTO_MEMORIA: 8002
[INFO] 16:39:52:106 LOGGER_CPU/(10963:10963): PUERTO_ESCUCHA_DISPATCH: 8006
[INFO] 16:39:52:106 LOGGER_CPU/(10963:10963): PUERTO_ESCUCHA_INTERRUPT: 8007

[INFO] 16:39:52:107 LOGGER_CPU/(10963:10963): CONFIG BORRADO CORRECTAMENTE!!!

[INFO] 16:39:52:107 LOGGER_CPU/(10963:10963): Escuchando en puerto: 127.0.0.1 (8001)

[INFO] 16:40:16:971 LOGGER_CPU/(10963:10963): Cliente conectado (a SERVER_CPU)

[INFO] 16:51:33:606 LOGGER_CPU/(11255:11255): LOGGER CREADO CORRECTAMENTE!!!

[INFO] 16:51:33:607 LOGGER_CPU/(11255:11255): IP_MEMORIA: 127.0.0.1
[INFO] 16:51:33:607 LOGGER_CPU/(11255:11255): PUERTO_MEMORIA: 8002
[INFO] 16:51:33:607 LOGGER_CPU/(11255:11255): PUERTO_ESCUCHA_DISPATCH: 8006
[INFO] 16:51:33:608 LOGGER_CPU/(11255:11255): PUERTO_ESCUCHA_INTERRUPT: 8007

[INFO] 16:51:33:608 LOGGER_CPU/(11255:11255): CONFIG BORRADO CORRECTAMENTE!!!

[INFO] 16:51:33:608 LOGGER_CPU/(11255:11255): Escuchando en puerto: 127.0.0.1 (8001)

[INFO] 16:51:50:681 LOGGER_CPU/(11255:11255): Cliente conectado (a SERVER_CPU)

[INFO] 16:52:01:913 LOGGER_CPU/(11255:11255): DISCONNECT!
[INFO] 16:58:49:624 LOGGER_CPU/(11780:11780): LOGGER CREADO CORRECTAMENTE!!!

[INFO] 16:58:49:625 LOGGER_CPU/(11780:11780): IP_MEMORIA: 127.0.0.1
[INFO] 16:58:49:625 LOGGER_CPU/(11780:11780): PUERTO_MEMORIA: 8002
[INFO] 16:58:49:625 LOGGER_CPU/(11780:11780): PUERTO_ESCUCHA_DISPATCH: 8006
[INFO] 16:58:49:625 LOGGER_CPU/(11780:11780): PUERTO_ESCUCHA_INTERRUPT: 8007

[INFO] 16:58:49:625 LOGGER_CPU/(11780:11780): CONFIG BORRADO CORRECTAMENTE!!!

[INFO] 16:58:49:626 LOGGER_CPU/(11780:11780): Cliente conectado en 127.0.0.1:8002 (a SERVER MEMORIA)

[INFO] 16:58:49:626 LOGGER_CPU/(11780:11780): Escuchando en puerto: 127.0.0.1 (8001)

[INFO] 16:59:40:060 LOGGER_CPU/(11780:11780): Cliente conectado (a SERVER_CPU)

[INFO] 17:00:05:658 LOGGER_CPU/(11780:11780): DISCONNECT!
