[INFO] 00:55:31:648 LOGGER_KERNEL/(10814:10814): LOGGER CREADO CORRECTAMENTE!!!

[INFO] 00:55:31:649 LOGGER_KERNEL/(10814:10814): IP_MEMORIA: 127.0.0.1
[INFO] 00:55:31:649 LOGGER_KERNEL/(10814:10814): PUERTO_MEMORIA: 8002
[INFO] 00:55:31:649 LOGGER_KERNEL/(10814:10814): IP_FILESYSTEM: 127.0.0.1
[INFO] 00:55:31:650 LOGGER_KERNEL/(10814:10814): PUERTO_FILESYSTEM: 8003
[INFO] 00:55:31:650 LOGGER_KERNEL/(10814:10814): IP_CPU: 127.0.0.1
[INFO] 00:55:31:650 LOGGER_KERNEL/(10814:10814): PUERTO_CPU: 8001
[INFO] 00:55:31:650 LOGGER_KERNEL/(10814:10814): ALGORITMO_PLANIFICACION: PRIORIDADES
[INFO] 00:55:31:650 LOGGER_KERNEL/(10814:10814): QUANTUM: 2000
[INFO] 00:55:31:650 LOGGER_KERNEL/(10814:10814): RECURSOS: [RA,RB,RC]
[INFO] 00:55:31:650 LOGGER_KERNEL/(10814:10814): INSTANCIAS_RECURSOS: [1,2,1]
[INFO] 00:55:31:651 LOGGER_KERNEL/(10814:10814): GRADO_MULTIPROGRAMACION_INI: 10

[INFO] 00:55:31:651 LOGGER_KERNEL/(10814:10814): DATOS DEL CONFIG CARGADOS CORRECTAMENTE!!!

[INFO] 01:07:13:644 LOGGER_KERNEL/(11298:11298): LOGGER CREADO CORRECTAMENTE!!!

[INFO] 01:07:13:656 LOGGER_KERNEL/(11298:11298): IP_MEMORIA: 127.0.0.1
[INFO] 01:07:13:657 LOGGER_KERNEL/(11298:11298): PUERTO_MEMORIA: 8002
[INFO] 01:07:13:657 LOGGER_KERNEL/(11298:11298): IP_FILESYSTEM: 127.0.0.1
[INFO] 01:07:13:657 LOGGER_KERNEL/(11298:11298): PUERTO_FILESYSTEM: 8003
[INFO] 01:07:13:658 LOGGER_KERNEL/(11298:11298): IP_CPU: 127.0.0.1
[INFO] 01:07:13:659 LOGGER_KERNEL/(11298:11298): PUERTO_CPU: 8001
[INFO] 01:07:13:659 LOGGER_KERNEL/(11298:11298): ALGORITMO_PLANIFICACION: PRIORIDADES
[INFO] 01:07:13:659 LOGGER_KERNEL/(11298:11298): QUANTUM: 2000
[INFO] 01:07:13:660 LOGGER_KERNEL/(11298:11298): RECURSOS: [RA,RB,RC]
[INFO] 01:07:13:660 LOGGER_KERNEL/(11298:11298): INSTANCIAS_RECURSOS: [1,2,1]
[INFO] 01:07:13:661 LOGGER_KERNEL/(11298:11298): GRADO_MULTIPROGRAMACION_INI: 10

[INFO] 01:07:13:661 LOGGER_KERNEL/(11298:11298): DATOS DEL CONFIG CARGADOS CORRECTAMENTE!!!

[INFO] 01:46:36:262 LOGGER_KERNEL/(12508:12508): LOGGER CREADO CORRECTAMENTE!!!

[INFO] 01:46:36:275 LOGGER_KERNEL/(12508:12508): IP_MEMORIA: 127.0.0.1
[INFO] 01:46:36:276 LOGGER_KERNEL/(12508:12508): PUERTO_MEMORIA: 8002
[INFO] 01:46:36:279 LOGGER_KERNEL/(12508:12508): IP_FILESYSTEM: 127.0.0.1
[INFO] 01:46:36:280 LOGGER_KERNEL/(12508:12508): PUERTO_FILESYSTEM: 8003
[INFO] 01:46:36:282 LOGGER_KERNEL/(12508:12508): IP_CPU: 127.0.0.1
[INFO] 01:46:36:283 LOGGER_KERNEL/(12508:12508): PUERTO_CPU: 8001
[INFO] 01:46:36:283 LOGGER_KERNEL/(12508:12508): ALGORITMO_PLANIFICACION: PRIORIDADES
[INFO] 01:46:36:284 LOGGER_KERNEL/(12508:12508): QUANTUM: 2000
[INFO] 01:46:36:284 LOGGER_KERNEL/(12508:12508): RECURSOS: [RA,RB,RC]
[INFO] 01:46:36:284 LOGGER_KERNEL/(12508:12508): INSTANCIAS_RECURSOS: [1,2,1]
[INFO] 01:46:36:285 LOGGER_KERNEL/(12508:12508): GRADO_MULTIPROGRAMACION_INI: 10

[INFO] 01:46:36:285 LOGGER_KERNEL/(12508:12508): DATOS DEL CONFIG CARGADOS CORRECTAMENTE!!!

[INFO] 02:13:43:115 LOGGER_KERNEL/(14066:14066): LOGGER CREADO CORRECTAMENTE!!!

[INFO] 02:13:43:126 LOGGER_KERNEL/(14066:14066): IP_MEMORIA: 127.0.0.1
[INFO] 02:13:43:127 LOGGER_KERNEL/(14066:14066): PUERTO_MEMORIA: 8002
[INFO] 02:13:43:131 LOGGER_KERNEL/(14066:14066): IP_FILESYSTEM: 127.0.0.1
[INFO] 02:13:43:142 LOGGER_KERNEL/(14066:14066): PUERTO_FILESYSTEM: 8003
[INFO] 02:13:43:142 LOGGER_KERNEL/(14066:14066): IP_CPU: 127.0.0.1
[INFO] 02:13:43:142 LOGGER_KERNEL/(14066:14066): PUERTO_CPU: 8001
[INFO] 02:13:43:143 LOGGER_KERNEL/(14066:14066): ALGORITMO_PLANIFICACION: PRIORIDADES
[INFO] 02:13:43:145 LOGGER_KERNEL/(14066:14066): QUANTUM: 2000
[INFO] 02:13:43:145 LOGGER_KERNEL/(14066:14066): RECURSOS: [RA,RB,RC]
[INFO] 02:13:43:148 LOGGER_KERNEL/(14066:14066): INSTANCIAS_RECURSOS: [1,2,1]
[INFO] 02:13:43:148 LOGGER_KERNEL/(14066:14066): GRADO_MULTIPROGRAMACION_INI: 10

[INFO] 02:13:43:148 LOGGER_KERNEL/(14066:14066): DATOS DEL CONFIG CARGADOS CORRECTAMENTE!!!

[INFO] 02:44:51:208 LOGGER_KERNEL/(16362:16362): LOGGER CREADO CORRECTAMENTE!!!

[INFO] 02:45:39:073 LOGGER_KERNEL/(16471:16471): LOGGER CREADO CORRECTAMENTE!!!

[INFO] 02:45:39:079 LOGGER_KERNEL/(16471:16471): IP_MEMORIA: 127.0.0.1
[INFO] 02:45:39:080 LOGGER_KERNEL/(16471:16471): PUERTO_MEMORIA: 8002
[INFO] 02:45:39:080 LOGGER_KERNEL/(16471:16471): IP_FILESYSTEM: 127.0.0.1
[INFO] 02:45:39:081 LOGGER_KERNEL/(16471:16471): PUERTO_FILESYSTEM: 8003
[INFO] 02:45:39:084 LOGGER_KERNEL/(16471:16471): IP_CPU: 127.0.0.1
[INFO] 02:45:39:087 LOGGER_KERNEL/(16471:16471): PUERTO_CPU: 8001
[INFO] 02:45:39:087 LOGGER_KERNEL/(16471:16471): ALGORITMO_PLANIFICACION: PRIORIDADES
[INFO] 02:45:39:087 LOGGER_KERNEL/(16471:16471): QUANTUM: 2000
[INFO] 02:45:39:088 LOGGER_KERNEL/(16471:16471): RECURSOS: [RA,RB,RC]
[INFO] 02:45:39:088 LOGGER_KERNEL/(16471:16471): INSTANCIAS_RECURSOS: [1,2,1]
[INFO] 02:45:39:089 LOGGER_KERNEL/(16471:16471): GRADO_MULTIPROGRAMACION_INI: 10

[INFO] 02:45:39:089 LOGGER_KERNEL/(16471:16471): DATOS DEL CONFIG CARGADOS CORRECTAMENTE!!!

[INFO] 02:46:38:872 LOGGER_KERNEL/(16575:16575): LOGGER CREADO CORRECTAMENTE!!!

[INFO] 02:46:38:878 LOGGER_KERNEL/(16575:16575): IP_MEMORIA: 127.0.0.1
[INFO] 02:46:38:879 LOGGER_KERNEL/(16575:16575): PUERTO_MEMORIA: 8002
[INFO] 02:46:38:880 LOGGER_KERNEL/(16575:16575): IP_FILESYSTEM: 127.0.0.1
[INFO] 02:46:38:880 LOGGER_KERNEL/(16575:16575): PUERTO_FILESYSTEM: 8003
[INFO] 02:46:38:881 LOGGER_KERNEL/(16575:16575): IP_CPU: 127.0.0.1
[INFO] 02:46:38:881 LOGGER_KERNEL/(16575:16575): PUERTO_CPU: 8001
[INFO] 02:46:38:881 LOGGER_KERNEL/(16575:16575): ALGORITMO_PLANIFICACION: PRIORIDADES
[INFO] 02:46:38:882 LOGGER_KERNEL/(16575:16575): QUANTUM: 2000
[INFO] 02:46:38:882 LOGGER_KERNEL/(16575:16575): RECURSOS: [RA,RB,RC]
[INFO] 02:46:38:883 LOGGER_KERNEL/(16575:16575): INSTANCIAS_RECURSOS: [1,2,1]
[INFO] 02:46:38:884 LOGGER_KERNEL/(16575:16575): GRADO_MULTIPROGRAMACION_INI: 10

[INFO] 02:46:38:884 LOGGER_KERNEL/(16575:16575): DATOS DEL CONFIG CARGADOS CORRECTAMENTE!!!

[INFO] 02:47:37:461 LOGGER_KERNEL/(16678:16678): LOGGER CREADO CORRECTAMENTE!!!

[INFO] 02:47:37:467 LOGGER_KERNEL/(16678:16678): IP_MEMORIA: 127.0.0.1
[INFO] 02:47:37:469 LOGGER_KERNEL/(16678:16678): PUERTO_MEMORIA: 8002
[INFO] 02:47:37:470 LOGGER_KERNEL/(16678:16678): IP_FILESYSTEM: 127.0.0.1
[INFO] 02:47:37:470 LOGGER_KERNEL/(16678:16678): PUERTO_FILESYSTEM: 8003
[INFO] 02:47:37:471 LOGGER_KERNEL/(16678:16678): IP_CPU: 127.0.0.1
[INFO] 02:47:37:471 LOGGER_KERNEL/(16678:16678): PUERTO_CPU: 8001
[INFO] 02:47:37:471 LOGGER_KERNEL/(16678:16678): ALGORITMO_PLANIFICACION: PRIORIDADES
[INFO] 02:47:37:472 LOGGER_KERNEL/(16678:16678): QUANTUM: 2000
[INFO] 02:47:37:472 LOGGER_KERNEL/(16678:16678): RECURSOS: [RA,RB,RC]
[INFO] 02:47:37:473 LOGGER_KERNEL/(16678:16678): INSTANCIAS_RECURSOS: [1,2,1]
[INFO] 02:47:37:473 LOGGER_KERNEL/(16678:16678): GRADO_MULTIPROGRAMACION_INI: 10

[INFO] 02:47:37:473 LOGGER_KERNEL/(16678:16678): DATOS DEL CONFIG CARGADOS CORRECTAMENTE!!!

[INFO] 02:49:30:616 LOGGER_KERNEL/(16777:16777): LOGGER CREADO CORRECTAMENTE!!!

[INFO] 02:49:30:623 LOGGER_KERNEL/(16777:16777): IP_MEMORIA: 127.0.0.1
[INFO] 02:49:30:624 LOGGER_KERNEL/(16777:16777): PUERTO_MEMORIA: 8002
[INFO] 02:49:30:625 LOGGER_KERNEL/(16777:16777): IP_FILESYSTEM: 127.0.0.1
[INFO] 02:49:30:626 LOGGER_KERNEL/(16777:16777): PUERTO_FILESYSTEM: 8003
[INFO] 02:49:30:627 LOGGER_KERNEL/(16777:16777): IP_CPU: 127.0.0.1
[INFO] 02:49:30:627 LOGGER_KERNEL/(16777:16777): PUERTO_CPU: 8001
[INFO] 02:49:30:627 LOGGER_KERNEL/(16777:16777): ALGORITMO_PLANIFICACION: PRIORIDADES
[INFO] 02:49:30:628 LOGGER_KERNEL/(16777:16777): QUANTUM: 2000
[INFO] 02:49:30:628 LOGGER_KERNEL/(16777:16777): RECURSOS: [RA,RB,RC]
[INFO] 02:49:30:629 LOGGER_KERNEL/(16777:16777): INSTANCIAS_RECURSOS: [1,2,1]
[INFO] 02:49:30:630 LOGGER_KERNEL/(16777:16777): GRADO_MULTIPROGRAMACION_INI: 10

[INFO] 02:49:30:631 LOGGER_KERNEL/(16777:16777): DATOS DEL CONFIG CARGADOS CORRECTAMENTE!!!

[INFO] 02:59:53:680 LOGGER_KERNEL/(17106:17106): LOGGER CREADO CORRECTAMENTE!!!

[INFO] 02:59:53:687 LOGGER_KERNEL/(17106:17106): IP_MEMORIA: 127.0.0.1
[INFO] 02:59:53:688 LOGGER_KERNEL/(17106:17106): PUERTO_MEMORIA: 8002
[INFO] 02:59:53:688 LOGGER_KERNEL/(17106:17106): IP_FILESYSTEM: 127.0.0.1
[INFO] 02:59:53:689 LOGGER_KERNEL/(17106:17106): PUERTO_FILESYSTEM: 8003
[INFO] 02:59:53:689 LOGGER_KERNEL/(17106:17106): IP_CPU: 127.0.0.1
[INFO] 02:59:53:689 LOGGER_KERNEL/(17106:17106): PUERTO_CPU: 8001
[INFO] 02:59:53:690 LOGGER_KERNEL/(17106:17106): ALGORITMO_PLANIFICACION: PRIORIDADES
[INFO] 02:59:53:690 LOGGER_KERNEL/(17106:17106): QUANTUM: 2000
[INFO] 02:59:53:691 LOGGER_KERNEL/(17106:17106): RECURSOS: [RA,RB,RC]
[INFO] 02:59:53:691 LOGGER_KERNEL/(17106:17106): INSTANCIAS_RECURSOS: [1,2,1]
[INFO] 02:59:53:692 LOGGER_KERNEL/(17106:17106): GRADO_MULTIPROGRAMACION_INI: 10

[INFO] 02:59:53:692 LOGGER_KERNEL/(17106:17106): DATOS DEL CONFIG CARGADOS CORRECTAMENTE!!!

[INFO] 03:03:34:548 LOGGER_KERNEL/(17303:17303): LOGGER CREADO CORRECTAMENTE!!!

[INFO] 03:03:34:554 LOGGER_KERNEL/(17303:17303): IP_MEMORIA: 127.0.0.1
[INFO] 03:03:34:554 LOGGER_KERNEL/(17303:17303): PUERTO_MEMORIA: 8002
[INFO] 03:03:34:555 LOGGER_KERNEL/(17303:17303): IP_FILESYSTEM: 127.0.0.1
[INFO] 03:03:34:555 LOGGER_KERNEL/(17303:17303): PUERTO_FILESYSTEM: 8003
[INFO] 03:03:34:556 LOGGER_KERNEL/(17303:17303): IP_CPU: 127.0.0.1
[INFO] 03:03:34:557 LOGGER_KERNEL/(17303:17303): PUERTO_CPU: 8001
[INFO] 03:03:34:558 LOGGER_KERNEL/(17303:17303): ALGORITMO_PLANIFICACION: PRIORIDADES
[INFO] 03:03:34:558 LOGGER_KERNEL/(17303:17303): QUANTUM: 2000
[INFO] 03:03:34:559 LOGGER_KERNEL/(17303:17303): RECURSOS: [RA,RB,RC]
[INFO] 03:03:34:559 LOGGER_KERNEL/(17303:17303): INSTANCIAS_RECURSOS: [1,2,1]
[INFO] 03:03:34:560 LOGGER_KERNEL/(17303:17303): GRADO_MULTIPROGRAMACION_INI: 10

[INFO] 03:03:34:560 LOGGER_KERNEL/(17303:17303): DATOS DEL CONFIG CARGADOS CORRECTAMENTE!!!

[INFO] 03:04:54:362 LOGGER_KERNEL/(17496:17496): LOGGER CREADO CORRECTAMENTE!!!

[INFO] 03:04:54:367 LOGGER_KERNEL/(17496:17496): IP_MEMORIA: 127.0.0.1
[INFO] 03:04:54:369 LOGGER_KERNEL/(17496:17496): PUERTO_MEMORIA: 8002
[INFO] 03:04:54:370 LOGGER_KERNEL/(17496:17496): IP_FILESYSTEM: 127.0.0.1
[INFO] 03:04:54:371 LOGGER_KERNEL/(17496:17496): PUERTO_FILESYSTEM: 8003
[INFO] 03:04:54:371 LOGGER_KERNEL/(17496:17496): IP_CPU: 127.0.0.1
[INFO] 03:04:54:371 LOGGER_KERNEL/(17496:17496): PUERTO_CPU: 8001
[INFO] 03:04:54:372 LOGGER_KERNEL/(17496:17496): ALGORITMO_PLANIFICACION: PRIORIDADES
[INFO] 03:04:54:373 LOGGER_KERNEL/(17496:17496): QUANTUM: 2000
[INFO] 03:04:54:374 LOGGER_KERNEL/(17496:17496): RECURSOS: [RA,RB,RC]
[INFO] 03:04:54:374 LOGGER_KERNEL/(17496:17496): INSTANCIAS_RECURSOS: [1,2,1]
[INFO] 03:04:54:375 LOGGER_KERNEL/(17496:17496): GRADO_MULTIPROGRAMACION_INI: 10

[INFO] 03:04:54:375 LOGGER_KERNEL/(17496:17496): DATOS DEL CONFIG CARGADOS CORRECTAMENTE!!!

[INFO] 03:12:15:263 LOGGER_KERNEL/(17746:17746): LOGGER CREADO CORRECTAMENTE!!!

[INFO] 03:12:15:276 LOGGER_KERNEL/(17746:17746): IP_MEMORIA: 127.0.0.1
[INFO] 03:12:15:278 LOGGER_KERNEL/(17746:17746): PUERTO_MEMORIA: 8002
[INFO] 03:12:15:278 LOGGER_KERNEL/(17746:17746): IP_FILESYSTEM: 127.0.0.1
[INFO] 03:12:15:279 LOGGER_KERNEL/(17746:17746): PUERTO_FILESYSTEM: 8003
[INFO] 03:12:15:279 LOGGER_KERNEL/(17746:17746): IP_CPU: 127.0.0.1
[INFO] 03:12:15:280 LOGGER_KERNEL/(17746:17746): PUERTO_CPU: 8001
[INFO] 03:12:15:280 LOGGER_KERNEL/(17746:17746): ALGORITMO_PLANIFICACION: PRIORIDADES
[INFO] 03:12:15:280 LOGGER_KERNEL/(17746:17746): QUANTUM: 2000
[INFO] 03:12:15:281 LOGGER_KERNEL/(17746:17746): RECURSOS: [RA,RB,RC]
[INFO] 03:12:15:281 LOGGER_KERNEL/(17746:17746): INSTANCIAS_RECURSOS: [1,2,1]
[INFO] 03:12:15:282 LOGGER_KERNEL/(17746:17746): GRADO_MULTIPROGRAMACION_INI: 10

[INFO] 03:12:15:282 LOGGER_KERNEL/(17746:17746): DATOS DEL CONFIG CARGADOS CORRECTAMENTE!!!

